This is pdfTeX, Version 3.14159265-2.6-1.40.19 (TeX Live 2018/W32TeX) (preloaded format=pdflatex 2018.10.10)  22 FEB 2021 11:26
entering extended mode
 restricted \write18 enabled.
 file:line:error style messages enabled.
 %&-line parsing enabled.
**c:/Users/lecorff/Documents/Research/21-backwardIS/backwardIS.tex
(c:/Users/lecorff/Documents/Research/21-backwardIS/backwardIS.tex
LaTeX2e <2018-04-01> patch level 5
(c:/texlive/2018/texmf-dist/tex/latex/base/article.cls
Document Class: article 2014/09/29 v1.4h Standard LaTeX document class
(c:/texlive/2018/texmf-dist/tex/latex/base/size10.clo
File: size10.clo 2014/09/29 v1.4h Standard LaTeX file (size option)
)
\c@part=\count80
\c@section=\count81
\c@subsection=\count82
\c@subsubsection=\count83
\c@paragraph=\count84
\c@subparagraph=\count85
\c@figure=\count86
\c@table=\count87
\abovecaptionskip=\skip41
\belowcaptionskip=\skip42
\bibindent=\dimen102
) (c:/texlive/2018/texmf-dist/tex/latex/base/inputenc.sty
Package: inputenc 2018/04/06 v1.3b Input encoding file
\inpenc@prehook=\toks14
\inpenc@posthook=\toks15
) (c:/texlive/2018/texmf-dist/tex/generic/babel/babel.sty
Package: babel 2018/10/03 3.25 The Babel package
 (c:/texlive/2018/texmf-dist/tex/generic/babel/switch.def
File: switch.def 2018/10/03 3.25 Babel switching mechanism
) (c:/texlive/2018/texmf-dist/tex/generic/babel-english/english.ldf
Language: english 2017/06/06 v3.3r English support from the babel system
 (c:/texlive/2018/texmf-dist/tex/generic/babel/babel.def
File: babel.def 2018/10/03 3.25 Babel common definitions
\babel@savecnt=\count88
\U@D=\dimen103
 (c:/texlive/2018/texmf-dist/tex/generic/babel/txtbabel.def)
\bbl@dirlevel=\count89
)
\l@canadian = a dialect from \language\l@american 
\l@australian = a dialect from \language\l@british 
\l@newzealand = a dialect from \language\l@british 
)) (c:/texlive/2018/texmf-dist/tex/latex/preprint/authblk.sty
Package: authblk 2001/02/27 1.3 (PWD)
\affilsep=\skip43
\@affilsep=\skip44
\c@Maxaffil=\count90
\c@authors=\count91
\c@affil=\count92
) (c:/texlive/2018/texmf-dist/tex/latex/amsfonts/amssymb.sty
Package: amssymb 2013/01/14 v3.01 AMS font symbols
 (c:/texlive/2018/texmf-dist/tex/latex/amsfonts/amsfonts.sty
Package: amsfonts 2013/01/14 v3.01 Basic AMSFonts support
\@emptytoks=\toks16
\symAMSa=\mathgroup4
\symAMSb=\mathgroup5
LaTeX Font Info:    Overwriting math alphabet `\mathfrak' in version `bold'
(Font)                  U/euf/m/n --> U/euf/b/n on input line 106.
)) (c:/texlive/2018/texmf-dist/tex/latex/amsmath/amsmath.sty
Package: amsmath 2017/09/02 v2.17a AMS math features
\@mathmargin=\skip45

For additional information on amsmath, use the `?' option.
(c:/texlive/2018/texmf-dist/tex/latex/amsmath/amstext.sty
Package: amstext 2000/06/29 v2.01 AMS text
 (c:/texlive/2018/texmf-dist/tex/latex/amsmath/amsgen.sty
File: amsgen.sty 1999/11/30 v2.0 generic functions
\@emptytoks=\toks17
\ex@=\dimen104
)) (c:/texlive/2018/texmf-dist/tex/latex/amsmath/amsbsy.sty
Package: amsbsy 1999/11/29 v1.2d Bold Symbols
\pmbraise@=\dimen105
) (c:/texlive/2018/texmf-dist/tex/latex/amsmath/amsopn.sty
Package: amsopn 2016/03/08 v2.02 operator names
)
\inf@bad=\count93
LaTeX Info: Redefining \frac on input line 213.
\uproot@=\count94
\leftroot@=\count95
LaTeX Info: Redefining \overline on input line 375.
\classnum@=\count96
\DOTSCASE@=\count97
LaTeX Info: Redefining \ldots on input line 472.
LaTeX Info: Redefining \dots on input line 475.
LaTeX Info: Redefining \cdots on input line 596.
\Mathstrutbox@=\box26
\strutbox@=\box27
\big@size=\dimen106
LaTeX Font Info:    Redeclaring font encoding OML on input line 712.
LaTeX Font Info:    Redeclaring font encoding OMS on input line 713.
\macc@depth=\count98
\c@MaxMatrixCols=\count99
\dotsspace@=\muskip10
\c@parentequation=\count100
\dspbrk@lvl=\count101
\tag@help=\toks18
\row@=\count102
\column@=\count103
\maxfields@=\count104
\andhelp@=\toks19
\eqnshift@=\dimen107
\alignsep@=\dimen108
\tagshift@=\dimen109
\tagwidth@=\dimen110
\totwidth@=\dimen111
\lineht@=\dimen112
\@envbody=\toks20
\multlinegap=\skip46
\multlinetaggap=\skip47
\mathdisplay@stack=\toks21
LaTeX Info: Redefining \[ on input line 2817.
LaTeX Info: Redefining \] on input line 2818.
) (c:/texlive/2018/texmf-dist/tex/latex/amscls/amsthm.sty
Package: amsthm 2017/10/31 v2.20.4
\thm@style=\toks22
\thm@bodyfont=\toks23
\thm@headfont=\toks24
\thm@notefont=\toks25
\thm@headpunct=\toks26
\thm@preskip=\skip48
\thm@postskip=\skip49
\thm@headsep=\skip50
\dth@everypar=\toks27
) (c:/texlive/2018/texmf-dist/tex/latex/oberdiek/twoopt.sty
Package: twoopt 2016/05/16 v1.6 Definitions with two optional arguments (HO)
) (c:/texlive/2018/texmf-dist/tex/latex/xargs/xargs.sty
Package: xargs 2008/03/22 v1.1  extended macro definitions  (mpg)
 (c:/texlive/2018/texmf-dist/tex/latex/xkeyval/xkeyval.sty
Package: xkeyval 2014/12/03 v2.7a package option processing (HA)
 (c:/texlive/2018/texmf-dist/tex/generic/xkeyval/xkeyval.tex (c:/texlive/2018/texmf-dist/tex/generic/xkeyval/xkvutils.tex
\XKV@toks=\toks28
\XKV@tempa@toks=\toks29
 (c:/texlive/2018/texmf-dist/tex/generic/xkeyval/keyval.tex))
\XKV@depth=\count105
File: xkeyval.tex 2014/12/03 v2.7a key=value parser (HA)
))
\xargs@max=\count106
\xargs@toksa=\toks30
\xargs@toksb=\toks31
) (c:/texlive/2018/texmf-dist/tex/latex/mathtools/mathtools.sty
Package: mathtools 2018/01/08 v1.21 mathematical typesetting tools
 (c:/texlive/2018/texmf-dist/tex/latex/tools/calc.sty
Package: calc 2017/05/25 v4.3 Infix arithmetic (KKT,FJ)
\calc@Acount=\count107
\calc@Bcount=\count108
\calc@Adimen=\dimen113
\calc@Bdimen=\dimen114
\calc@Askip=\skip51
\calc@Bskip=\skip52
LaTeX Info: Redefining \setlength on input line 80.
LaTeX Info: Redefining \addtolength on input line 81.
\calc@Ccount=\count109
\calc@Cskip=\skip53
) (c:/texlive/2018/texmf-dist/tex/latex/mathtools/mhsetup.sty
Package: mhsetup 2017/03/31 v1.3 programming setup (MH)
)
LaTeX Info: Thecontrolsequence`\('isalreadyrobust on input line 129.
LaTeX Info: Thecontrolsequence`\)'isalreadyrobust on input line 129.
LaTeX Info: Thecontrolsequence`\['isalreadyrobust on input line 129.
LaTeX Info: Thecontrolsequence`\]'isalreadyrobust on input line 129.
\g_MT_multlinerow_int=\count110
\l_MT_multwidth_dim=\dimen115
\origjot=\skip54
\l_MT_shortvdotswithinadjustabove_dim=\dimen116
\l_MT_shortvdotswithinadjustbelow_dim=\dimen117
\l_MT_above_intertext_sep=\dimen118
\l_MT_below_intertext_sep=\dimen119
\l_MT_above_shortintertext_sep=\dimen120
\l_MT_below_shortintertext_sep=\dimen121
) (c:/texlive/2018/texmf-dist/tex/latex/psnfss/times.sty
Package: times 2005/04/12 PSNFSS-v9.2a (SPQR) 
) (c:/texlive/2018/texmf-dist/tex/latex/doublestroke/dsfont.sty
Package: dsfont 1995/08/01 v0.1 Double stroke roman fonts
) (c:/texlive/2018/texmf-dist/tex/latex/base/ifthen.sty
Package: ifthen 2014/09/29 v1.1c Standard LaTeX ifthen package (DPC)
) (c:/Users/lecorff/Documents/Research/21-backwardIS/fancyhdr.sty
\fancy@headwidth=\skip55
\f@ncyO@elh=\skip56
\f@ncyO@erh=\skip57
\f@ncyO@olh=\skip58
\f@ncyO@orh=\skip59
\f@ncyO@elf=\skip60
\f@ncyO@erf=\skip61
\f@ncyO@olf=\skip62
\f@ncyO@orf=\skip63
) (c:/texlive/2018/texmf-dist/tex/latex/xcolor/xcolor.sty
Package: xcolor 2016/05/11 v2.12 LaTeX color extensions (UK)
 (c:/texlive/2018/texmf-dist/tex/latex/graphics-cfg/color.cfg
File: color.cfg 2016/01/02 v1.6 sample color configuration
)
Package xcolor Info: Driver file: pdftex.def on input line 225.
 (c:/texlive/2018/texmf-dist/tex/latex/graphics-def/pdftex.def
File: pdftex.def 2018/01/08 v1.0l Graphics/color driver for pdftex
)
Package xcolor Info: Model `cmy' substituted by `cmy0' on input line 1348.
Package xcolor Info: Model `hsb' substituted by `rgb' on input line 1352.
Package xcolor Info: Model `RGB' extended on input line 1364.
Package xcolor Info: Model `HTML' substituted by `rgb' on input line 1366.
Package xcolor Info: Model `Hsb' substituted by `hsb' on input line 1367.
Package xcolor Info: Model `tHsb' substituted by `hsb' on input line 1368.
Package xcolor Info: Model `HSB' substituted by `hsb' on input line 1369.
Package xcolor Info: Model `Gray' substituted by `gray' on input line 1370.
Package xcolor Info: Model `wave' substituted by `hsb' on input line 1371.
) (c:/texlive/2018/texmf-dist/tex/latex/geometry/geometry.sty
Package: geometry 2018/04/16 v5.8 Page Geometry
 (c:/texlive/2018/texmf-dist/tex/generic/oberdiek/ifpdf.sty
Package: ifpdf 2018/09/07 v3.3 Provides the ifpdf switch
) (c:/texlive/2018/texmf-dist/tex/generic/oberdiek/ifvtex.sty
Package: ifvtex 2016/05/16 v1.6 Detect VTeX and its facilities (HO)
Package ifvtex Info: VTeX not detected.
) (c:/texlive/2018/texmf-dist/tex/generic/ifxetex/ifxetex.sty
Package: ifxetex 2010/09/12 v0.6 Provides ifxetex conditional
)
\Gm@cnth=\count111
\Gm@cntv=\count112
\c@Gm@tempcnt=\count113
\Gm@bindingoffset=\dimen122
\Gm@wd@mp=\dimen123
\Gm@odd@mp=\dimen124
\Gm@even@mp=\dimen125
\Gm@layoutwidth=\dimen126
\Gm@layoutheight=\dimen127
\Gm@layouthoffset=\dimen128
\Gm@layoutvoffset=\dimen129
\Gm@dimlist=\toks32
)
\c@assumptionA=\count114
\c@hypH=\count115
 (c:/Users/lecorff/Documents/Research/21-backwardIS/backwardIS.aux)
\openout1 = `backwardIS.aux'.

LaTeX Font Info:    Checking defaults for OML/cmm/m/it on input line 220.
LaTeX Font Info:    ... okay on input line 220.
LaTeX Font Info:    Checking defaults for T1/cmr/m/n on input line 220.
LaTeX Font Info:    ... okay on input line 220.
LaTeX Font Info:    Checking defaults for OT1/cmr/m/n on input line 220.
LaTeX Font Info:    ... okay on input line 220.
LaTeX Font Info:    Checking defaults for OMS/cmsy/m/n on input line 220.
LaTeX Font Info:    ... okay on input line 220.
LaTeX Font Info:    Checking defaults for OMX/cmex/m/n on input line 220.
LaTeX Font Info:    ... okay on input line 220.
LaTeX Font Info:    Checking defaults for U/cmr/m/n on input line 220.
LaTeX Font Info:    ... okay on input line 220.
LaTeX Font Info:    Try loading font information for OT1+ptm on input line 220.
 (c:/texlive/2018/texmf-dist/tex/latex/psnfss/ot1ptm.fd
File: ot1ptm.fd 2001/06/04 font definitions for OT1/ptm.
) (c:/texlive/2018/texmf-dist/tex/latex/graphics/graphicx.sty
Package: graphicx 2017/06/01 v1.1a Enhanced LaTeX Graphics (DPC,SPQR)
 (c:/texlive/2018/texmf-dist/tex/latex/graphics/graphics.sty
Package: graphics 2017/06/25 v1.2c Standard LaTeX Graphics (DPC,SPQR)
 (c:/texlive/2018/texmf-dist/tex/latex/graphics/trig.sty
Package: trig 2016/01/03 v1.10 sin cos tan (DPC)
) (c:/texlive/2018/texmf-dist/tex/latex/graphics-cfg/graphics.cfg
File: graphics.cfg 2016/06/04 v1.11 sample graphics configuration
)
Package graphics Info: Driver file: pdftex.def on input line 99.
)
\Gin@req@height=\dimen130
\Gin@req@width=\dimen131
) (c:/texlive/2018/texmf-dist/tex/context/base/mkii/supp-pdf.mkii
[Loading MPS to PDF converter (version 2006.09.02).]
\scratchcounter=\count116
\scratchdimen=\dimen132
\scratchbox=\box28
\nofMPsegments=\count117
\nofMParguments=\count118
\everyMPshowfont=\toks33
\MPscratchCnt=\count119
\MPscratchDim=\dimen133
\MPnumerator=\count120
\makeMPintoPDFobject=\count121
\everyMPtoPDFconversion=\toks34
) (c:/texlive/2018/texmf-dist/tex/latex/oberdiek/epstopdf-base.sty
Package: epstopdf-base 2016/05/15 v2.6 Base part for package epstopdf
 (c:/texlive/2018/texmf-dist/tex/generic/oberdiek/infwarerr.sty
Package: infwarerr 2016/05/16 v1.4 Providing info/warning/error messages (HO)
) (c:/texlive/2018/texmf-dist/tex/latex/oberdiek/grfext.sty
Package: grfext 2016/05/16 v1.2 Manage graphics extensions (HO)
 (c:/texlive/2018/texmf-dist/tex/generic/oberdiek/kvdefinekeys.sty
Package: kvdefinekeys 2016/05/16 v1.4 Define keys (HO)
 (c:/texlive/2018/texmf-dist/tex/generic/oberdiek/ltxcmds.sty
Package: ltxcmds 2016/05/16 v1.23 LaTeX kernel commands for general use (HO)
))) (c:/texlive/2018/texmf-dist/tex/latex/oberdiek/kvoptions.sty
Package: kvoptions 2016/05/16 v3.12 Key value format for package options (HO)
 (c:/texlive/2018/texmf-dist/tex/generic/oberdiek/kvsetkeys.sty
Package: kvsetkeys 2016/05/16 v1.17 Key value parser (HO)
 (c:/texlive/2018/texmf-dist/tex/generic/oberdiek/etexcmds.sty
Package: etexcmds 2016/05/16 v1.6 Avoid name clashes with e-TeX commands (HO)
 (c:/texlive/2018/texmf-dist/tex/generic/oberdiek/ifluatex.sty
Package: ifluatex 2016/05/16 v1.4 Provides the ifluatex switch (HO)
Package ifluatex Info: LuaTeX not detected.
)
Package etexcmds Info: Could not find \expanded.
(etexcmds)             That can mean that you are not using pdfTeX 1.50 or
(etexcmds)             that some package has redefined \expanded.
(etexcmds)             In the latter case, load this package earlier.
))) (c:/texlive/2018/texmf-dist/tex/generic/oberdiek/pdftexcmds.sty
Package: pdftexcmds 2018/09/10 v0.29 Utility functions of pdfTeX for LuaTeX (HO)
Package pdftexcmds Info: LuaTeX not detected.
Package pdftexcmds Info: \pdf@primitive is available.
Package pdftexcmds Info: \pdf@ifprimitive is available.
Package pdftexcmds Info: \pdfdraftmode found.
)
Package epstopdf-base Info: Redefining graphics rule for `.eps' on input line 438.
Package grfext Info: Graphics extension search list:
(grfext)             [.pdf,.png,.jpg,.mps,.jpeg,.jbig2,.jb2,.PDF,.PNG,.JPG,.JPEG,.JBIG2,.JB2,.eps]
(grfext)             \AppendGraphicsExtensions on input line 456.
 (c:/texlive/2018/texmf-dist/tex/latex/latexconfig/epstopdf-sys.cfg
File: epstopdf-sys.cfg 2010/07/13 v1.3 Configuration of (r)epstopdf for TeX Live
))
*geometry* driver: auto-detecting
*geometry* detected driver: pdftex
*geometry* verbose mode - [ preamble ] result:
* driver: pdftex
* paper: <default>
* layout: <same size as paper>
* layoutoffset:(h,v)=(0.0pt,0.0pt)
* modes: 
* h-part:(L,W,R)=(92.14519pt, 430.00462pt, 92.14519pt)
* v-part:(T,H,B)=(95.39737pt, 556.47656pt, 143.09605pt)
* \paperwidth=614.295pt
* \paperheight=794.96999pt
* \textwidth=430.00462pt
* \textheight=556.47656pt
* \oddsidemargin=19.8752pt
* \evensidemargin=19.8752pt
* \topmargin=-13.87262pt
* \headheight=12.0pt
* \headsep=25.0pt
* \topskip=10.0pt
* \footskip=30.0pt
* \marginparwidth=65.0pt
* \marginparsep=11.0pt
* \columnsep=10.0pt
* \skip\footins=9.0pt plus 4.0pt minus 2.0pt
* \hoffset=0.0pt
* \voffset=0.0pt
* \mag=1000
* \@twocolumnfalse
* \@twosidefalse
* \@mparswitchfalse
* \@reversemarginfalse
* (1in=72.27pt=25.4mm, 1cm=28.453pt)

LaTeX Font Info:    Try loading font information for U+msa on input line 222.
(c:/texlive/2018/texmf-dist/tex/latex/amsfonts/umsa.fd
File: umsa.fd 2013/01/14 v3.01 AMS symbols A
)
LaTeX Font Info:    Try loading font information for U+msb on input line 222.
 (c:/texlive/2018/texmf-dist/tex/latex/amsfonts/umsb.fd
File: umsb.fd 2013/01/14 v3.01 AMS symbols B
)
LaTeX Font Info:    Font shape `OT1/ptm/bx/n' in size <9> not available
(Font)              Font shape `OT1/ptm/b/n' tried instead on input line 224.
LaTeX Font Info:    Font shape `OT1/ptm/bx/n' in size <14.4> not available
(Font)              Font shape `OT1/ptm/b/n' tried instead on input line 229.

Overfull \hbox (5.65187pt too wide) in paragraph at lines 231--233
\OT1/ptm/m/n/10 get track-ing [[]], en-hance-ment and seg-men-ta-tion of speech and au-dio sig-nals [[]],
 []

[1

{c:/texlive/2018/texmf-var/fonts/map/pdftex/updmap/pdftex.map}]
Overfull \hbox (16.45103pt too wide) in paragraph at lines 258--260
\OT1/ptm/m/n/10 rithm con-di-tions of [[]], for which Gen-eral Pois-son Es-ti-ma-tors (GPEs) [[]]
 []

[2] [3]
LaTeX Font Info:    Font shape `OT1/ptm/bx/n' in size <10> not available
(Font)              Font shape `OT1/ptm/b/n' tried instead on input line 351.


LaTeX Warning: Citation `beaumont:2003' on page 4 undefined on input line 351.


LaTeX Warning: Citation `andrieu:robert:2009' on page 4 undefined on input line 351.

LaTeX Font Info:    Font shape `OT1/ptm/bx/n' in size <12> not available
(Font)              Font shape `OT1/ptm/b/n' tried instead on input line 368.
[4]
Overfull \hbox (21.37132pt too wide) in paragraph at lines 407--412
\OT1/ptm/m/n/10 In the con-text of ad-di-tive func-tion-als, the forward-only smooth-ing al-go-rithm in-tro-duced in [[]]
 []

[5] [6]

LaTeX Warning: Reference `sec:experiments' on page 7 undefined on input line 495.

[7]
<comparing_IS_AR_Ntilde_vary.pdf, id=46, 722.7pt x 722.7pt>
File: comparing_IS_AR_Ntilde_vary.pdf Graphic file (type pdf)
<use comparing_IS_AR_Ntilde_vary.pdf>
Package pdftex.def Info: comparing_IS_AR_Ntilde_vary.pdf  used on input line 538.
(pdftex.def)             Requested size: 289.07487pt x 289.07487pt.


LaTeX Warning: `h' float specifier changed to `ht'.

<comparing_IS_AR_N_vary.pdf, id=47, 722.7pt x 722.7pt>
File: comparing_IS_AR_N_vary.pdf Graphic file (type pdf)
<use comparing_IS_AR_N_vary.pdf>
Package pdftex.def Info: comparing_IS_AR_N_vary.pdf  used on input line 546.
(pdftex.def)             Requested size: 289.07487pt x 289.07487pt.

LaTeX Warning: `h' float specifier changed to `ht'.

[8] [9 <c:/Users/lecorff/Documents/Research/21-backwardIS/comparing_IS_AR_Ntilde_vary.pdf>]
<smoothed_tracking_LV.pdf, id=76, 722.7pt x 722.7pt>
File: smoothed_tracking_LV.pdf Graphic file (type pdf)
<use smoothed_tracking_LV.pdf>
Package pdftex.def Info: smoothed_tracking_LV.pdf  used on input line 580.
(pdftex.def)             Requested size: 289.07487pt x 289.07487pt.
 [10 <c:/Users/lecorff/Documents/Research/21-backwardIS/comparing_IS_AR_N_vary.pdf>] [11 <c:/Users/lecorff/Documents/Research/21-backwardIS/smoothed_tracking_LV.pdf>]

LaTeX Warning: Citation `delmoral:doucet:singh:2015' on page 12 undefined on input line 608.


LaTeX Warning: Citation `olsson:westerborn:2017' on page 12 undefined on input line 608.

[12]

LaTeX Warning: Reference `eq:bk:kernel' on page 13 undefined on input line 627.


LaTeX Warning: Reference `eq:defT' on page 13 undefined on input line 627.


LaTeX Warning: Reference `eq:likelihood' on page 13 undefined on input line 643.


LaTeX Warning: Citation `cappe:moulines:ryden:2005' on page 13 undefined on input line 643.


LaTeX Warning: Citation `douc:matias:2001' on page 13 undefined on input line 643.


LaTeX Warning: Citation `olsson:westerborn:2017' on page 13 undefined on input line 653.

[13]

LaTeX Warning: Citation `legland:mevel:1997' on page 14 undefined on input line 663.


LaTeX Warning: Citation `tadic:2010' on page 14 undefined on input line 663.

[14]

LaTeX Warning: Citation `dacunha1986estimation' on page 15 undefined on input line 765.

[15]

LaTeX Warning: Citation `fearnhead:papaspiliopoulos:roberts:2008' on page 16 undefined on input line 778.


LaTeX Warning: Citation `fearnhead:papaspiliopoulos:roberts:2008' on page 16 undefined on input line 784.

[16]

LaTeX Warning: Citation `gloaguen:etienne:lecorff:2018' on page 17 undefined on input line 834.


LaTeX Warning: Citation `polyak:juditsky:1992' on page 17 undefined on input line 842.


LaTeX Warning: Citation `kushner:yin:1997' on page 17 undefined on input line 842.

LaTeX Font Info:    Try loading font information for U+dsrom on input line 850.
(c:/texlive/2018/texmf-dist/tex/latex/doublestroke/Udsrom.fd
File: Udsrom.fd 1995/08/01 v0.1 Double stroke roman font definitions
) [17]

pdfTeX warning: pdflatex.exe (file c:/Users/lecorff/Documents/Research/21-backwardIS/SINE_data.pdf): PDF inclusion: found PDF version <1.7>, but at most version <1.5> allowed
<SINE_data.pdf, id=142, 578.16pt x 578.16pt>
File: SINE_data.pdf Graphic file (type pdf)
<use SINE_data.pdf>
Package pdftex.def Info: SINE_data.pdf  used on input line 858.
(pdftex.def)             Requested size: 301.00192pt x 300.9978pt.


pdfTeX warning: pdflatex.exe (file c:/Users/lecorff/Documents/Research/21-backwardIS/oneObs_severalStarts.pdf): PDF inclusion: found PDF version <1.7>, but at most version <1.5> allowed
<oneObs_severalStarts.pdf, id=143, 578.16pt x 578.16pt>
File: oneObs_severalStarts.pdf Graphic file (type pdf)
<use oneObs_severalStarts.pdf>
Package pdftex.def Info: oneObs_severalStarts.pdf  used on input line 864.
(pdftex.def)             Requested size: 171.99922pt x 171.9937pt.


pdfTeX warning: pdflatex.exe (file c:/Users/lecorff/Documents/Research/21-backwardIS/gradient_steps.pdf): PDF inclusion: found PDF version <1.7>, but at most version <1.5> allowed
<gradient_steps.pdf, id=144, 578.16pt x 578.16pt>
File: gradient_steps.pdf Graphic file (type pdf)
<use gradient_steps.pdf>
Package pdftex.def Info: gradient_steps.pdf  used on input line 865.
(pdftex.def)             Requested size: 171.99922pt x 171.9937pt.


pdfTeX warning: pdflatex.exe (file c:/Users/lecorff/Documents/Research/21-backwardIS/severalObs_oneStart.pdf): PDF inclusion: found PDF version <1.7>, but at most version <1.5> allowed
<severalObs_oneStart.pdf, id=145, 578.16pt x 578.16pt>
File: severalObs_oneStart.pdf Graphic file (type pdf)
<use severalObs_oneStart.pdf>
Package pdftex.def Info: severalObs_oneStart.pdf  used on input line 872.
(pdftex.def)             Requested size: 137.60461pt x 137.59673pt.


pdfTeX warning: pdflatex.exe (file c:/Users/lecorff/Documents/Research/21-backwardIS/severalObs_oneStart_smooth.pdf): PDF inclusion: found PDF version <1.7>, but at most version <1.5> allowed
<severalObs_oneStart_smooth.pdf, id=146, 578.16pt x 578.16pt>
File: severalObs_oneStart_smooth.pdf Graphic file (type pdf)
<use severalObs_oneStart_smooth.pdf>
Package pdftex.def Info: severalObs_oneStart_smooth.pdf  used on input line 873.
(pdftex.def)             Requested size: 137.60461pt x 137.59673pt.


pdfTeX warning: pdflatex.exe (file c:/Users/lecorff/Documents/Research/21-backwardIS/severalObs_oneStart_smooth_dens.pdf): PDF inclusion: found PDF version <1.7>, but at most version <1.5> allowed
<severalObs_oneStart_smooth_dens.pdf, id=147, 578.16pt x 578.16pt>
File: severalObs_oneStart_smooth_dens.pdf Graphic file (type pdf)
<use severalObs_oneStart_smooth_dens.pdf>
Package pdftex.def Info: severalObs_oneStart_smooth_dens.pdf  used on input line 874.
(pdftex.def)             Requested size: 137.60461pt x 137.59673pt.

Overfull \hbox (18.80922pt too wide) in paragraph at lines 871--876
 [][] 
 []



pdfTeX warning: pdflatex.exe (file c:/Users/lecorff/Documents/Research/21-backwardIS/oneObs_oneStart_severalGrads.pdf): PDF inclusion: found PDF version <1.7>, but at most version <1.5> allowed
<oneObs_oneStart_severalGrads.pdf, id=148, 578.16pt x 578.16pt>
File: oneObs_oneStart_severalGrads.pdf Graphic file (type pdf)
<use oneObs_oneStart_severalGrads.pdf>
Package pdftex.def Info: oneObs_oneStart_severalGrads.pdf  used on input line 882.
(pdftex.def)             Requested size: 171.99922pt x 171.9937pt.


pdfTeX warning: pdflatex.exe (file c:/Users/lecorff/Documents/Research/21-backwardIS/oneObs_oneStart_severalGrads_smooth.pdf): PDF inclusion: found PDF version <1.7>, but at most version <1.5> allowed
<oneObs_oneStart_severalGrads_smooth.pdf, id=149, 578.16pt x 578.16pt>
File: oneObs_oneStart_severalGrads_smooth.pdf Graphic file (type pdf)
<use oneObs_oneStart_severalGrads_smooth.pdf>
Package pdftex.def Info: oneObs_oneStart_severalGrads_smooth.pdf  used on input line 883.
(pdftex.def)             Requested size: 171.99922pt x 171.9937pt.
<smoothing_hares_lynx.pdf, id=150, 722.7pt x 722.7pt>
File: smoothing_hares_lynx.pdf Graphic file (type pdf)
<use smoothing_hares_lynx.pdf>
Package pdftex.def Info: smoothing_hares_lynx.pdf  used on input line 893.
(pdftex.def)             Requested size: 289.07487pt x 289.07487pt.

LaTeX Warning: Reference `sec:experiments' on page 18 undefined on input line 902.


Overfull \hbox (18.93144pt too wide) in paragraph at lines 904--905
\OT1/ptm/m/n/10 range of mul-ti-vari-ate dif-fu-sion pro-cesses (see [[]] and [[]]). 
 []

[18 <c:/Users/lecorff/Documents/Research/21-backwardIS/SINE_data.pdf>] [19 <c:/Users/lecorff/Documents/Research/21-backwardIS/oneObs_severalStarts.pdf> <c:/Users/lecorff/Documents/Research/21-backwardIS/gradient_steps.pdf> <c:/Users/lecorff/Documents/Research/21-backwardIS/severalObs_oneStart.pdf

pdfTeX warning: pdflatex.exe (file c:/Users/lecorff/Documents/Research/21-backwardIS/severalObs_oneStart.pdf): PDF inclusion: multiple pdfs with page group included in a single page
> <c:/Users/lecorff/Documents/Research/21-backwardIS/severalObs_oneStart_smooth.pdf

pdfTeX warning: pdflatex.exe (file c:/Users/lecorff/Documents/Research/21-backwardIS/severalObs_oneStart_smooth.pdf): PDF inclusion: multiple pdfs with page group included in a single page
> <c:/Users/lecorff/Documents/Research/21-backwardIS/severalObs_oneStart_smooth_dens.pdf

pdfTeX warning: pdflatex.exe (file c:/Users/lecorff/Documents/Research/21-backwardIS/severalObs_oneStart_smooth_dens.pdf): PDF inclusion: multiple pdfs with page group included in a single page
>] (c:/Users/lecorff/Documents/Research/21-backwardIS/backwardIS.bbl [20 <c:/Users/lecorff/Documents/Research/21-backwardIS/oneObs_oneStart_severalGrads.pdf> <c:/Users/lecorff/Documents/Research/21-backwardIS/oneObs_oneStart_severalGrads_smooth.pdf

pdfTeX warning: pdflatex.exe (file c:/Users/lecorff/Documents/Research/21-backwardIS/oneObs_oneStart_severalGrads_smooth.pdf): PDF inclusion: multiple pdfs with page group included in a single page
>] [21 <c:/Users/lecorff/Documents/Research/21-backwardIS/smoothing_hares_lynx.pdf>] [22]) [23] [24] (c:/Users/lecorff/Documents/Research/21-backwardIS/backwardIS.aux)

LaTeX Warning: There were undefined references.

 ) 
Here is how much of TeX's memory you used:
 5366 strings out of 492639
 74370 string characters out of 6133087
 176977 words of memory out of 5000000
 9102 multiletter control sequences out of 15000+600000
 29738 words of font info for 72 fonts, out of 8000000 for 9000
 1141 hyphenation exceptions out of 8191
 41i,12n,43p,1742b,354s stack positions out of 5000i,500n,10000p,200000b,80000s
{c:/texlive/2018/texmf-dist/fonts/enc/dvips/base/8r.enc}<c:/texlive/2018/texmf-dist/fonts/type1/public/amsfonts/cm/cmbx10.pfb><c:/texlive/2018/texmf-dist/fonts/type1/public/amsfonts/cm/cmex10.pfb><c:/texlive/2018/texmf-dist/fonts/type1/public/amsfonts/cmextra/cmex7.pfb><c:/texlive/2018/texmf-dist/fonts/type1/public/amsfonts/cm/cmmi10.pfb><c:/texlive/2018/texmf-dist/fonts/type1/public/amsfonts/cm/cmmi5.pfb><c:/texlive/2018/texmf-dist/fonts/type1/public/amsfonts/cm/cmmi7.pfb><c:/texlive/2018/texmf-dist/fonts/type1/public/amsfonts/cm/cmmi8.pfb><c:/texlive/2018/texmf-dist/fonts/type1/public/amsfonts/cm/cmr10.pfb><c:/texlive/2018/texmf-dist/fonts/type1/public/amsfonts/cm/cmr5.pfb><c:/texlive/2018/texmf-dist/fonts/type1/public/amsfonts/cm/cmr7.pfb><c:/texlive/2018/texmf-dist/fonts/type1/public/amsfonts/cm/cmss10.pfb><c:/texlive/2018/texmf-dist/fonts/type1/public/amsfonts/cm/cmss8.pfb><c:/texlive/2018/texmf-dist/fonts/type1/public/amsfonts/cm/cmsy10.pfb><c:/texlive/2018/texmf-dist/fonts/type1/public/amsfonts/cm/cmsy5.pfb><c:/texlive/2018/texmf-dist/fonts/type1/public/amsfonts/cm/cmsy7.pfb><c:/texlive/2018/texmf-dist/fonts/type1/public/amsfonts/cm/cmsy8.pfb><c:/texlive/2018/texmf-dist/fonts/type1/public/doublestroke/dsrom10.pfb><<c:/texlive/2018/texmf-dist/fonts/type1/public/cm-lgc/fcmr8a.pfb>><c:/texlive/2018/texmf-dist/fonts/type1/public/amsfonts/symbols/msam10.pfb><c:/texlive/2018/texmf-dist/fonts/type1/public/amsfonts/symbols/msam7.pfb><c:/texlive/2018/texmf-dist/fonts/type1/public/amsfonts/symbols/msbm10.pfb><c:/texlive/2018/texmf-dist/fonts/type1/public/amsfonts/symbols/msbm7.pfb><c:/texlive/2018/texmf-dist/fonts/type1/public/tex-gyre/qhvr.pfb><c:/texlive/2018/texmf-dist/fonts/type1/urw/symbol/usyr.pfb><c:/texlive/2018/texmf-dist/fonts/type1/urw/times/utmb8a.pfb><c:/texlive/2018/texmf-dist/fonts/type1/urw/times/utmr8a.pfb><c:/texlive/2018/texmf-dist/fonts/type1/urw/times/utmri8a.pfb>
Output written on c:/Users/lecorff/Documents/Research/21-backwardIS/backwardIS.pdf (24 pages, 2375013 bytes).
PDF statistics:
 357 PDF objects out of 1000 (max. 8388607)
 258 compressed objects within 3 object streams
 0 named destinations out of 1000 (max. 500000)
 61 words of extra memory for PDF output out of 10000 (max. 10000000)

